<?xml version="1.0" encoding="UTF-8"?>
<testng-results skipped="0" failed="0" total="1" passed="1">
  <reporter-output>
  </reporter-output>
  <suite name="Default suite" duration-ms="29933" started-at="2019-10-31T07:40:05Z" finished-at="2019-10-31T07:40:35Z">
    <groups>
    </groups>
    <test name="Default test" duration-ms="29933" started-at="2019-10-31T07:40:05Z" finished-at="2019-10-31T07:40:35Z">
      <class name="PHP.TourPage">
        <test-method status="PASS" signature="method()[pri:0, instance:PHP.TourPage@598067a5]" name="method" duration-ms="29894" started-at="2019-10-31T13:10:05Z" finished-at="2019-10-31T13:10:35Z">
          <reporter-output>
          </reporter-output>
        </test-method> <!-- method -->
      </class> <!-- PHP.TourPage -->
    </test> <!-- Default test -->
  </suite> <!-- Default suite -->
</testng-results>
